proguard/seeds.txt
com.calculator.mycalculator.R$color: int LightSkyBlue
com.calculator.mycalculator.R$color: int LightSkyWhite
com.calculator.mycalculator.R$color: int black
com.calculator.mycalculator.R$color: int calculatorBackground
com.calculator.mycalculator.R$color: int calculatorButtonFocusStrokeColor
com.calculator.mycalculator.R$color: int common_action_bar_splitter
com.calculator.mycalculator.R$color: int common_signin_btn_dark_text_default
com.calculator.mycalculator.R$color: int common_signin_btn_dark_text_disabled
com.calculator.mycalculator.R$color: int common_signin_btn_dark_text_focused
com.calculator.mycalculator.R$color: int common_signin_btn_dark_text_pressed
com.calculator.mycalculator.R$color: int common_signin_btn_default_background
com.calculator.mycalculator.R$color: int common_signin_btn_light_text_default
com.calculator.mycalculator.R$color: int common_signin_btn_light_text_disabled
com.calculator.mycalculator.R$color: int common_signin_btn_light_text_focused
com.calculator.mycalculator.R$color: int common_signin_btn_light_text_pressed
com.calculator.mycalculator.R$color: int common_signin_btn_text_dark
com.calculator.mycalculator.R$color: int common_signin_btn_text_light
com.calculator.mycalculator.R$color: int darkerButtonTextColor
com.calculator.mycalculator.R$color: int darkgreen
com.calculator.mycalculator.R$color: int darkgrey
com.calculator.mycalculator.R$color: int digitsBackground
com.calculator.mycalculator.R$color: int digitsBackgroundBorderStroke
com.calculator.mycalculator.R$dimen: int activity_horizontal_margin
com.calculator.mycalculator.R$dimen: int activity_vertical_margin
com.calculator.mycalculator.R$dimen: int buttonTextSize
com.calculator.mycalculator.R$dimen: int buttonTextSizeLarger
com.calculator.mycalculator.R$dimen: int calculatorButtonMargin
com.calculator.mycalculator.R$dimen: int calculatorPaddingBottom
com.calculator.mycalculator.R$dimen: int calculatorPaddingLeft
com.calculator.mycalculator.R$dimen: int calculatorPaddingRight
com.calculator.mycalculator.R$dimen: int calculatorPaddingTop
com.calculator.mycalculator.R$dimen: int digitsTextSize
com.calculator.mycalculator.R$dimen: int largecalculatorButtonMargin
com.calculator.mycalculator.R$dimen: int largerButtonTextSizeLarger
com.calculator.mycalculator.R$dimen: int navigation_drawer_width
com.calculator.mycalculator.R$dimen: int secondaryTextSize
com.calculator.mycalculator.R$dimen: int secondaryTextSizeSmall
com.calculator.mycalculator.R$drawable: int appvertical1
com.calculator.mycalculator.R$drawable: int common_signin_btn_icon_dark
com.calculator.mycalculator.R$drawable: int common_signin_btn_icon_disabled_dark
com.calculator.mycalculator.R$drawable: int common_signin_btn_icon_disabled_focus_dark
com.calculator.mycalculator.R$drawable: int common_signin_btn_icon_disabled_focus_light
com.calculator.mycalculator.R$drawable: int common_signin_btn_icon_disabled_light
com.calculator.mycalculator.R$drawable: int common_signin_btn_icon_focus_dark
com.calculator.mycalculator.R$drawable: int common_signin_btn_icon_focus_light
com.calculator.mycalculator.R$drawable: int common_signin_btn_icon_light
com.calculator.mycalculator.R$drawable: int common_signin_btn_icon_normal_dark
com.calculator.mycalculator.R$drawable: int common_signin_btn_icon_normal_light
com.calculator.mycalculator.R$drawable: int common_signin_btn_icon_pressed_dark
com.calculator.mycalculator.R$drawable: int common_signin_btn_icon_pressed_light
com.calculator.mycalculator.R$drawable: int common_signin_btn_text_dark
com.calculator.mycalculator.R$drawable: int common_signin_btn_text_disabled_dark
com.calculator.mycalculator.R$drawable: int common_signin_btn_text_disabled_focus_dark
com.calculator.mycalculator.R$drawable: int common_signin_btn_text_disabled_focus_light
com.calculator.mycalculator.R$drawable: int common_signin_btn_text_disabled_light