proguard/mapping.txt
com.google.android.gms.ads.AdRequest$Builder -> com.google.android.gms.ads.d:
    com.google.android.gms.internal.at$a kt -> a
    com.google.android.gms.ads.AdRequest$Builder addKeyword(java.lang.String) -> a
    com.google.android.gms.ads.AdRequest$Builder addNetworkExtrasBundle(java.lang.Class,android.os.Bundle) -> a
    com.google.android.gms.ads.AdRequest$Builder addTestDevice(java.lang.String) -> b
    com.google.android.gms.ads.AdRequest build() -> a
    com.google.android.gms.ads.AdRequest$Builder setBirthday(java.util.Date) -> a
    com.google.android.gms.ads.AdRequest$Builder setGender(int) -> a
    com.google.android.gms.ads.AdRequest$Builder tagForChildDirectedTreatment(boolean) -> a
    com.google.android.gms.internal.at$a a(com.google.android.gms.ads.AdRequest$Builder) -> a
com.google.android.gms.ads.AdSize -> com.google.android.gms.ads.e:
    com.google.android.gms.ads.AdSize BANNER -> a
    com.google.android.gms.ads.AdSize FULL_BANNER -> b
    com.google.android.gms.ads.AdSize LARGE_BANNER -> c
    com.google.android.gms.ads.AdSize LEADERBOARD -> d
    com.google.android.gms.ads.AdSize MEDIUM_RECTANGLE -> e
    com.google.android.gms.ads.AdSize WIDE_SKYSCRAPER -> f
    com.google.android.gms.ads.AdSize SMART_BANNER -> g
    int ku -> h
    int kv -> i
    java.lang.String kw -> j
    boolean equals(java.lang.Object) -> equals
    int getHeight() -> a
    int getHeightInPixels(android.content.Context) -> a
    int getWidth() -> b
    int getWidthInPixels(android.content.Context) -> b
    int hashCode() -> hashCode
    java.lang.String toString() -> toString
com.google.android.gms.ads.AdView -> com.google.android.gms.ads.AdView:
    com.google.android.gms.internal.au kx -> a
    void destroy() -> a
    com.google.android.gms.ads.AdListener getAdListener() -> getAdListener
    com.google.android.gms.ads.AdSize getAdSize() -> getAdSize
    java.lang.String getAdUnitId() -> getAdUnitId
    com.google.android.gms.ads.purchase.InAppPurchaseListener getInAppPurchaseListener() -> getInAppPurchaseListener
    void loadAd(com.google.android.gms.ads.AdRequest) -> a
    void pause() -> b
    void resume() -> c
    void setAdListener(com.google.android.gms.ads.AdListener) -> setAdListener
    void setAdSize(com.google.android.gms.ads.AdSize) -> setAdSize
    void setAdUnitId(java.lang.String) -> setAdUnitId
    void setInAppPurchaseListener(com.google.android.gms.ads.purchase.InAppPurchaseListener) -> setInAppPurchaseListener
    void setPlayStorePurchaseParams(com.google.android.gms.ads.purchase.PlayStorePurchaseListener,java.lang.String) -> setPlayStorePurchaseParams
    void onLayout(boolean,int,int,int,int) -> onLayout
    void onMeasure(int,int) -> onMeasure
com.google.android.gms.ads.InterstitialAd -> com.google.android.gms.ads.f:
    com.google.android.gms.internal.av ky -> a
    void loadAd(com.google.android.gms.ads.AdRequest) -> a
    void setAdListener(com.google.android.gms.ads.AdListener) -> a
    void setAdUnitId(java.lang.String) -> a
    void show() -> a
com.google.android.gms.ads.a -> com.google.android.gms.ads.g:
    com.google.android.gms.ads.AdSize a(int,int,java.lang.String) -> a
com.google.android.gms.ads.doubleclick.AppEventListener -> com.google.android.gms.ads.doubleclick.a:
    void onAppEvent(java.lang.String,java.lang.String) -> a