proguard/usage.txt
com.google.android.gms.location.DetectedActivity:
    public static final int IN_VEHICLE
    public static final int ON_BICYCLE
    public static final int ON_FOOT
    public static final int STILL
    public static final int UNKNOWN
    public static final int TILTING
    public static final int WALKING
    public static final int RUNNING
    public DetectedActivity(int,int)
    public int getConfidence()
com.google.android.gms.location.DetectedActivityCreator:
    public static final int CONTENT_DESCRIPTION
com.google.android.gms.location.FusedLocationProviderApi
com.google.android.gms.location.Geofence
com.google.android.gms.location.Geofence$Builder
com.google.android.gms.location.GeofenceStatusCodes
com.google.android.gms.location.GeofencingApi
com.google.android.gms.location.GeofencingEvent
com.google.android.gms.location.LocationClient
com.google.android.gms.location.LocationClient$OnAddGeofencesResultListener
com.google.android.gms.location.LocationClient$OnRemoveGeofencesResultListener
com.google.android.gms.location.LocationListener
com.google.android.gms.location.LocationRequest:
    public static final int PRIORITY_HIGH_ACCURACY
    public static final int PRIORITY_BALANCED_POWER_ACCURACY
    public static final int PRIORITY_LOW_POWER
    public static final int PRIORITY_NO_POWER
    public static com.google.android.gms.location.LocationRequest create()
    public com.google.android.gms.location.LocationRequest setPriority(int)
    public int getPriority()
    public com.google.android.gms.location.LocationRequest setInterval(long)
    public long getInterval()
    public com.google.android.gms.location.LocationRequest setFastestInterval(long)
    public long getFastestInterval()
    public com.google.android.gms.location.LocationRequest setExpirationDuration(long)
    public com.google.android.gms.location.LocationRequest setExpirationTime(long)
    public long getExpirationTime()
    public com.google.android.gms.location.LocationRequest setNumUpdates(int)
    public int getNumUpdates()
    public com.google.android.gms.location.LocationRequest setSmallestDisplacement(float)
    public float getSmallestDisplacement()
    private static void v(long)
    private static void cG(int)
    private static void a(float)
com.google.android.gms.location.LocationRequestCreator:
    public static final int CONTENT_DESCRIPTION
com.google.android.gms.location.LocationServices
com.google.android.gms.location.LocationServices$1
com.google.android.gms.location.LocationServices$a
com.google.android.gms.location.LocationStatusCodes
com.google.android.gms.location.a
com.google.android.gms.location.a$a
com.google.android.gms.location.a$a$a
com.google.android.gms.maps.CameraUpdate
com.google.android.gms.maps.CameraUpdateFactory